<?xml version="1.0" encoding="UTF-8"?>
<!-- Generated by org.testng.reporters.JUnitReportReporter -->
<testsuite hostname="DESKTOP-LMTDJO9" failures="0" tests="5" name="tests.TestSuite" time="24.099" errors="0" timestamp="2024-02-09T05:33:58 GMT+02:00" skipped="0">
  <testcase classname="tests.TestSuite" name="pwIsMandatoryCheck" time="2.868"/>
  <testcase classname="tests.TestSuite" name="virtualUser" time="5.222"/>
  <testcase classname="tests.TestSuite" name="lockedUser" time="2.941"/>
  <testcase classname="tests.TestSuite" name="glitchUser" time="9.129"/>
  <testcase classname="tests.TestSuite" name="successfulFlow" time="3.939"/>
</testsuite> <!-- tests.TestSuite -->
