<?xml version="1.0" encoding="UTF-8"?>
<!-- Generated by org.testng.reporters.JUnitReportReporter -->
<testsuite hostname="DESKTOP-LMTDJO9" failures="0" tests="1" name="tests.LoginTest" time="0.192" errors="0" timestamp="2024-02-04T17:11:19 EET" skipped="0">
  <testcase classname="tests.LoginTest" name="test" time="0.192"/>
</testsuite> <!-- tests.LoginTest -->
