<?xml version="1.0" encoding="UTF-8"?>
<!-- Generated by org.testng.reporters.JUnitReportReporter -->
<testsuite hostname="DESKTOP-LMTDJO9" failures="0" tests="3" name="tests.HappyScenario" time="8.014" errors="0" timestamp="2024-02-09T03:02:13 EET" skipped="0">
  <testcase classname="tests.HappyScenario" name="virtualUser" time="2.816"/>
  <testcase classname="tests.HappyScenario" name="lockedUser" time="2.378"/>
  <testcase classname="tests.HappyScenario" name="successfulFlow" time="2.820"/>
</testsuite> <!-- tests.HappyScenario -->
